<?xml version="1.0" encoding="UTF-8"?>
<testng-results ignored="0" total="1" passed="1" failed="0" skipped="0">
  <reporter-output>
  </reporter-output>
  <suite started-at="2026-09-21T13:26:17 IST" name="Default suite" finished-at="2026-09-21T13:26:17 IST" duration-ms="68">
    <groups>
    </groups>
    <test started-at="2026-09-21T13:26:17 IST" name="Default test" finished-at="2026-09-21T13:26:17 IST" duration-ms="68">
      <class name="pack2.OrgTest">
        <test-method signature="modifyOrgTest()[pri:0, instance:pack2.OrgTest@3349e9bb]" started-at="2026-09-21T13:26:17 IST" name="modifyOrgTest" finished-at="2026-09-21T13:26:17 IST" duration-ms="14" status="PASS">
          <reporter-output>
          </reporter-output>
        </test-method> <!-- modifyOrgTest -->
      </class> <!-- pack2.OrgTest -->
    </test> <!-- Default test -->
  </suite> <!-- Default suite -->
</testng-results>
