<?xml version="1.0" encoding="UTF-8"?>
<testng-results ignored="0" total="1" passed="0" failed="1" skipped="0">
  <reporter-output>
  </reporter-output>
  <suite started-at="2026-09-11T12:45:30 IST" name="Default suite" finished-at="2026-09-11T12:45:54 IST" duration-ms="23792">
    <groups>
    </groups>
    <test started-at="2026-09-11T12:45:30 IST" name="Default test" finished-at="2026-09-11T12:45:54 IST" duration-ms="23792">
      <class name="com.tricentis.testscript.WishListModule">
        <test-method is-config="true" signature="openBrowser()[pri:0, instance:com.tricentis.testscript.WishListModule@66d18979]" started-at="2026-09-11T12:45:30 IST" name="openBrowser" finished-at="2026-09-11T12:45:39 IST" duration-ms="8906" status="PASS">
          <reporter-output>
          </reporter-output>
        </test-method> <!-- openBrowser -->
        <test-method is-config="true" signature="login()[pri:0, instance:com.tricentis.testscript.WishListModule@66d18979]" started-at="2026-09-11T12:45:39 IST" name="login" finished-at="2026-09-11T12:45:43 IST" duration-ms="4201" status="PASS">
          <reporter-output>
          </reporter-output>
        </test-method> <!-- login -->
        <test-method signature="addAndRemoveProduct()[pri:0, instance:com.tricentis.testscript.WishListModule@66d18979]" started-at="2026-09-11T12:45:43 IST" name="addAndRemoveProduct" finished-at="2026-09-11T12:45:43 IST" duration-ms="43" status="FAIL">
          <exception class="java.lang.AssertionError">
            <message>
              <![CDATA[null]]>
            </message>
            <full-stacktrace>
              <![CDATA[java.lang.AssertionError: null
at org.testng.Assert.fail(Assert.java:111)
at org.testng.Assert.fail(Assert.java:116)
at com.tricentis.testscript.WishListModule.addAndRemoveProduct(WishListModule.java:27)
at java.base/jdk.internal.reflect.DirectMethodHandleAccessor.invoke(DirectMethodHandleAccessor.java:103)
at java.base/java.lang.reflect.Method.invoke(Method.java:580)
at org.testng.internal.invokers.MethodInvocationHelper.invokeMethod(MethodInvocationHelper.java:141)
at org.testng.internal.invokers.TestInvoker.invokeMethod(TestInvoker.java:687)
at org.testng.internal.invokers.TestInvoker.invokeTestMethod(TestInvoker.java:230)
at org.testng.internal.invokers.MethodRunner.runInSequence(MethodRunner.java:63)
at org.testng.internal.invokers.TestInvoker$MethodInvocationAgent.invoke(TestInvoker.java:995)
at org.testng.internal.invokers.TestInvoker.invokeTestMethods(TestInvoker.java:203)
at org.testng.internal.invokers.TestMethodWorker.invokeTestMethods(TestMethodWorker.java:154)
at org.testng.internal.invokers.TestMethodWorker.run(TestMethodWorker.java:134)
at java.base/java.util.ArrayList.forEach(ArrayList.java:1596)
at org.testng.TestRunner.privateRun(TestRunner.java:741)
at org.testng.TestRunner.run(TestRunner.java:616)
at org.testng.SuiteRunner.runTest(SuiteRunner.java:421)
at org.testng.SuiteRunner.runSequentially(SuiteRunner.java:413)
at org.testng.SuiteRunner.privateRun(SuiteRunner.java:373)
at org.testng.SuiteRunner.run(SuiteRunner.java:312)
at org.testng.SuiteRunnerWorker.runSuite(SuiteRunnerWorker.java:52)
at org.testng.SuiteRunnerWorker.run(SuiteRunnerWorker.java:95)
at org.testng.TestNG.runSuitesSequentially(TestNG.java:1274)
at org.testng.TestNG.runSuitesLocally(TestNG.java:1208)
at org.testng.TestNG.runSuites(TestNG.java:1112)
at org.testng.TestNG.run(TestNG.java:1079)
at org.testng.remote.AbstractRemoteTestNG.run(AbstractRemoteTestNG.java:115)
at org.testng.remote.RemoteTestNG.initAndRun(RemoteTestNG.java:293)
at org.testng.remote.RemoteTestNG.main(RemoteTestNG.java:91)
]]>
            </full-stacktrace>
          </exception> <!-- java.lang.AssertionError -->
          <reporter-output>
          </reporter-output>
        </test-method> <!-- addAndRemoveProduct -->
        <test-method is-config="true" signature="logout()[pri:0, instance:com.tricentis.testscript.WishListModule@66d18979]" started-at="2026-09-11T12:45:47 IST" name="logout" finished-at="2026-09-11T12:45:51 IST" duration-ms="3892" status="PASS">
          <reporter-output>
          </reporter-output>
        </test-method> <!-- logout -->
        <test-method is-config="true" signature="closeBroser()[pri:0, instance:com.tricentis.testscript.WishListModule@66d18979]" started-at="2026-09-11T12:45:51 IST" name="closeBroser" finished-at="2026-09-11T12:45:54 IST" duration-ms="2951" status="PASS">
          <reporter-output>
          </reporter-output>
        </test-method> <!-- closeBroser -->
      </class> <!-- com.tricentis.testscript.WishListModule -->
    </test> <!-- Default test -->
  </suite> <!-- Default suite -->
</testng-results>
